<?xml version="1.0" encoding="UTF-8"?>
<!-- Generated by org.testng.reporters.JUnitXMLReporter -->
<testsuite ignored="0" hostname="GoodLuck" failures="5" tests="8" name="Linux-FireFox" time="339.262" errors="0" timestamp="2026-02-27T22:54:10 IST">
  <testcase classname="testCase.LoginDataTest" name="accountLogintest" time="2.023"/>
  <testcase classname="testCase.LoginDataTest" name="accountLogintest" time="11.728">
    <failure type="java.lang.AssertionError" message="Expected error message for invalid login expected [true] but found [false]">
      <![CDATA[java.lang.AssertionError: Expected error message for invalid login expected [true] but found [false]
at testCase.LoginDataTest.accountLogintest(LoginDataTest.java:46)
at java.base/java.util.ArrayList.forEach(ArrayList.java:1511)
... Removed 28 stack frames]]>
    </failure>
  </testcase> <!-- accountLogintest -->
  <testcase classname="testCase.LoginDataTest" name="accountLogintest" time="63.625">
    <failure type="java.lang.AssertionError" message="An exception occurred: Expected condition failed: waiting for visibility of Proxy element for: DefaultElementLocator &amp;apos;By.linkText: Login&amp;apos; (tried for 50 second(s) with 500 milliseconds interval)">
      <![CDATA[java.lang.AssertionError: An exception occurred: Expected condition failed: waiting for visibility of Proxy element for: DefaultElementLocator 'By.linkText: Login' (tried for 50 second(s) with 500 milliseconds interval)
at testCase.LoginDataTest.accountLogintest(LoginDataTest.java:51)
at java.base/java.util.ArrayList.forEach(ArrayList.java:1511)
... Removed 26 stack frames]]>
    </failure>
  </testcase> <!-- accountLogintest -->
  <testcase classname="testCase.LoginDataTest" name="accountLogintest" time="64.071">
    <failure type="java.lang.AssertionError" message="An exception occurred: Expected condition failed: waiting for visibility of Proxy element for: DefaultElementLocator &amp;apos;By.linkText: Login&amp;apos; (tried for 50 second(s) with 500 milliseconds interval)">
      <![CDATA[java.lang.AssertionError: An exception occurred: Expected condition failed: waiting for visibility of Proxy element for: DefaultElementLocator 'By.linkText: Login' (tried for 50 second(s) with 500 milliseconds interval)
at testCase.LoginDataTest.accountLogintest(LoginDataTest.java:51)
at java.base/java.util.ArrayList.forEach(ArrayList.java:1511)
... Removed 26 stack frames]]>
    </failure>
  </testcase> <!-- accountLogintest -->
  <testcase classname="testCase.LoginDataTest" name="accountLogintest" time="63.465">
    <failure type="java.lang.AssertionError" message="An exception occurred: Expected condition failed: waiting for visibility of Proxy element for: DefaultElementLocator &amp;apos;By.linkText: Login&amp;apos; (tried for 50 second(s) with 500 milliseconds interval)">
      <![CDATA[java.lang.AssertionError: An exception occurred: Expected condition failed: waiting for visibility of Proxy element for: DefaultElementLocator 'By.linkText: Login' (tried for 50 second(s) with 500 milliseconds interval)
at testCase.LoginDataTest.accountLogintest(LoginDataTest.java:51)
at java.base/java.util.ArrayList.forEach(ArrayList.java:1511)
... Removed 26 stack frames]]>
    </failure>
  </testcase> <!-- accountLogintest -->
  <testcase classname="testCase.LoginDataTest" name="accountLogintest" time="64.061">
    <failure type="java.lang.AssertionError" message="An exception occurred: Expected condition failed: waiting for visibility of Proxy element for: DefaultElementLocator &amp;apos;By.linkText: Login&amp;apos; (tried for 50 second(s) with 500 milliseconds interval)">
      <![CDATA[java.lang.AssertionError: An exception occurred: Expected condition failed: waiting for visibility of Proxy element for: DefaultElementLocator 'By.linkText: Login' (tried for 50 second(s) with 500 milliseconds interval)
at testCase.LoginDataTest.accountLogintest(LoginDataTest.java:51)
at java.base/java.util.ArrayList.forEach(ArrayList.java:1511)
... Removed 26 stack frames]]>
    </failure>
  </testcase> <!-- accountLogintest -->
  <testcase classname="testCase.LoginTest" name="accountLogintest" time="1.823"/>
  <testcase classname="testCase.AccountRegistrationTest" name="Accountvalid" time="2.881"/>
</testsuite> <!-- Linux-FireFox -->
