<?xml version="1.0" encoding="UTF-8"?>
<testng-results ignored="0" total="2" passed="2" failed="0" skipped="0">
  <reporter-output>
  </reporter-output>
  <suite started-at="2026-02-28T00:13:52 IST" name="Suite" finished-at="2026-02-28T00:14:02 IST" duration-ms="9434">
    <groups>
      <group name="Master">
        <method signature="AccountRegistrationTest.Accountvalid()[pri:0, instance:testCase.AccountRegistrationTest@38c6f217]" name="Accountvalid" class="testCase.AccountRegistrationTest"/>
        <method signature="LoginTest.accountLogintest()[pri:0, instance:testCase.LoginTest@16293aa2]" name="accountLogintest" class="testCase.LoginTest"/>
      </group> <!-- Master -->
    </groups>
    <test started-at="2026-02-28T00:13:52 IST" name="Test" finished-at="2026-02-28T00:14:02 IST" duration-ms="9434">
      <class name="testCase.AccountRegistrationTest">
        <test-method is-config="true" signature="setup(java.lang.String,java.lang.String)[pri:0, instance:testCase.AccountRegistrationTest@38c6f217]" started-at="2026-02-28T00:13:57 IST" name="setup" finished-at="2026-02-28T00:13:59 IST" duration-ms="2568" status="PASS">
          <params>
            <param index="0">
              <value>
                <![CDATA[Windows]]>
              </value>
            </param>
            <param index="1">
              <value>
                <![CDATA[chrome]]>
              </value>
            </param>
          </params>
          <reporter-output>
          </reporter-output>
        </test-method> <!-- setup -->
        <test-method signature="Accountvalid()[pri:0, instance:testCase.AccountRegistrationTest@38c6f217]" started-at="2026-02-28T00:13:59 IST" name="Accountvalid" finished-at="2026-02-28T00:14:02 IST" duration-ms="2149" status="PASS">
          <reporter-output>
          </reporter-output>
        </test-method> <!-- Accountvalid -->
        <test-method is-config="true" signature="setout()[pri:0, instance:testCase.AccountRegistrationTest@38c6f217]" started-at="2026-02-28T00:14:02 IST" name="setout" finished-at="2026-02-28T00:14:02 IST" duration-ms="193" status="PASS">
          <reporter-output>
          </reporter-output>
        </test-method> <!-- setout -->
      </class> <!-- testCase.AccountRegistrationTest -->
      <class name="testCase.LoginTest">
        <test-method is-config="true" signature="setup(java.lang.String,java.lang.String)[pri:0, instance:testCase.LoginTest@16293aa2]" started-at="2026-02-28T00:13:53 IST" name="setup" finished-at="2026-02-28T00:13:55 IST" duration-ms="2437" status="PASS">
          <params>
            <param index="0">
              <value>
                <![CDATA[Windows]]>
              </value>
            </param>
            <param index="1">
              <value>
                <![CDATA[chrome]]>
              </value>
            </param>
          </params>
          <reporter-output>
          </reporter-output>
        </test-method> <!-- setup -->
        <test-method signature="accountLogintest()[pri:0, instance:testCase.LoginTest@16293aa2]" started-at="2026-02-28T00:13:55 IST" name="accountLogintest" finished-at="2026-02-28T00:13:57 IST" duration-ms="1573" status="PASS">
          <reporter-output>
          </reporter-output>
        </test-method> <!-- accountLogintest -->
        <test-method is-config="true" signature="setout()[pri:0, instance:testCase.LoginTest@16293aa2]" started-at="2026-02-28T00:13:57 IST" name="setout" finished-at="2026-02-28T00:13:57 IST" duration-ms="217" status="PASS">
          <reporter-output>
          </reporter-output>
        </test-method> <!-- setout -->
      </class> <!-- testCase.LoginTest -->
    </test> <!-- Test -->
  </suite> <!-- Suite -->
</testng-results>
