<?xml version="1.0" encoding="UTF-8"?>
<!-- Generated by org.testng.reporters.JUnitReportReporter -->
<testsuite hostname="GoodLuck" failures="0" tests="2" name="testCase.AccountRegistrationTest" time="6.327" errors="0" timestamp="2026-02-27T22:54:10 IST" skipped="0">
  <testcase classname="testCase.AccountRegistrationTest" name="Accountvalid" time="3.446"/>
  <testcase classname="testCase.AccountRegistrationTest" name="Accountvalid" time="2.881"/>
</testsuite> <!-- testCase.AccountRegistrationTest -->
